
> @ dev:full /Users/marlakhyhengkytanim/Projects/travelboost-dev
> concurrently "pnpm dev:reverb" "pnpm dev:queue" "pnpm dev:vite" "pnpm dev:serve"

[0] 
[0] > @ dev:reverb /Users/marlakhyhengkytanim/Projects/travelboost-dev
[0] > php artisan reverb:start
[0] 
[1] 
[1] > @ dev:queue /Users/marlakhyhengkytanim/Projects/travelboost-dev
[1] > php artisan queue:work
[1] 
[2] 
[2] > @ dev:vite /Users/marlakhyhengkytanim/Projects/travelboost-dev
[2] > vite
[2] 
[3] 
[3] > @ dev:serve /Users/marlakhyhengkytanim/Projects/travelboost-dev
[3] > php artisan serve
[3] 
[1]  ELIFECYCLE  Command failed.
[0]  ELIFECYCLE  Command failed.
[2]  ELIFECYCLE  Command failed.
[3]  ELIFECYCLE  Command failed.
[3] pnpm dev:serve exited with code SIGINT
[2] pnpm dev:vite exited with code SIGINT
[0] pnpm dev:reverb exited with code SIGINT
[1] pnpm dev:queue exited with code SIGINT
